[debug] [2023-09-24T19:21:44.769Z] ----------------------------------------------------------------------
[debug] [2023-09-24T19:21:44.770Z] Command:       /Users/filipskaug/.nvm/versions/node/v19.6.1/bin/node /Users/filipskaug/.nvm/versions/node/v19.6.1/bin/firebase deploy
[debug] [2023-09-24T19:21:44.770Z] CLI Version:   11.24.1
[debug] [2023-09-24T19:21:44.771Z] Platform:      darwin
[debug] [2023-09-24T19:21:44.771Z] Node Version:  v19.6.1
[debug] [2023-09-24T19:21:44.771Z] Time:          Sun Sep 24 2023 21:21:44 GMT+0200 (Central European Summer Time)
[debug] [2023-09-24T19:21:44.771Z] ----------------------------------------------------------------------
[debug] 
[debug] [2023-09-24T19:21:44.772Z] >>> [apiv2][query] GET https://firebase-public.firebaseio.com/cli.json [none]
[debug] [2023-09-24T19:21:44.824Z] > command requires scopes: ["email","openid","https://www.googleapis.com/auth/cloudplatformprojects.readonly","https://www.googleapis.com/auth/firebase","https://www.googleapis.com/auth/cloud-platform"]
[debug] [2023-09-24T19:21:44.825Z] > authorizing via signed-in user (filipskaug443@gmail.com)
[debug] [2023-09-24T19:21:44.825Z] [iam] checking project ibdb-743f5 for permissions ["firebase.projects.get","firebasehosting.sites.update"]
[debug] [2023-09-24T19:21:44.825Z] > refreshing access token with scopes: []
[debug] [2023-09-24T19:21:44.826Z] >>> [apiv2][query] POST https://www.googleapis.com/oauth2/v3/token [none]
[debug] [2023-09-24T19:21:44.826Z] >>> [apiv2][body] POST https://www.googleapis.com/oauth2/v3/token [omitted]
[debug] [2023-09-24T19:21:45.072Z] <<< [apiv2][status] POST https://www.googleapis.com/oauth2/v3/token 400
[debug] [2023-09-24T19:21:45.072Z] <<< [apiv2][body] POST https://www.googleapis.com/oauth2/v3/token [omitted]
[debug] [2023-09-24T19:21:45.073Z] >>> [apiv2][query] POST https://cloudresourcemanager.googleapis.com/v1/projects/ibdb-743f5:testIamPermissions [none]
[debug] [2023-09-24T19:21:45.073Z] >>> [apiv2][(partial)header] POST https://cloudresourcemanager.googleapis.com/v1/projects/ibdb-743f5:testIamPermissions x-goog-quota-user=projects/ibdb-743f5
[debug] [2023-09-24T19:21:45.073Z] >>> [apiv2][body] POST https://cloudresourcemanager.googleapis.com/v1/projects/ibdb-743f5:testIamPermissions {"permissions":["firebase.projects.get","firebasehosting.sites.update"]}
[debug] [2023-09-24T19:21:45.170Z] <<< [apiv2][status] GET https://firebase-public.firebaseio.com/cli.json 200
[debug] [2023-09-24T19:21:45.170Z] <<< [apiv2][body] GET https://firebase-public.firebaseio.com/cli.json {"cloudBuildErrorAfter":1594252800000,"cloudBuildWarnAfter":1590019200000,"defaultNode10After":1594252800000,"minVersion":"3.0.5","node8DeploysDisabledAfter":1613390400000,"node8RuntimeDisabledAfter":1615809600000,"node8WarnAfter":1600128000000}
[debug] [2023-09-24T19:21:45.895Z] <<< [apiv2][status] POST https://cloudresourcemanager.googleapis.com/v1/projects/ibdb-743f5:testIamPermissions 401
[debug] [2023-09-24T19:21:45.895Z] <<< [apiv2][body] POST https://cloudresourcemanager.googleapis.com/v1/projects/ibdb-743f5:testIamPermissions {"error":{"code":401,"message":"Request had invalid authentication credentials. Expected OAuth 2 access token, login cookie or other valid authentication credential. See https://developers.google.com/identity/sign-in/web/devconsole-project.","status":"UNAUTHENTICATED","details":[{"@type":"type.googleapis.com/google.rpc.ErrorInfo","reason":"ACCESS_TOKEN_TYPE_UNSUPPORTED","metadata":{"service":"cloudresourcemanager.googleapis.com","method":"google.cloudresourcemanager.v1.Projects.TestIamPermissions"}}]}}
[debug] [2023-09-24T19:21:45.896Z] [iam] error while checking permissions, command may fail: FirebaseError: HTTP Error: 401, Request had invalid authentication credentials. Expected OAuth 2 access token, login cookie or other valid authentication credential. See https://developers.google.com/identity/sign-in/web/devconsole-project.
[debug] [2023-09-24T19:21:45.897Z] > refreshing access token with scopes: []
[debug] [2023-09-24T19:21:45.897Z] >>> [apiv2][query] POST https://www.googleapis.com/oauth2/v3/token [none]
[debug] [2023-09-24T19:21:45.897Z] >>> [apiv2][body] POST https://www.googleapis.com/oauth2/v3/token [omitted]
[debug] [2023-09-24T19:21:45.947Z] <<< [apiv2][status] POST https://www.googleapis.com/oauth2/v3/token 400
[debug] [2023-09-24T19:21:45.947Z] <<< [apiv2][body] POST https://www.googleapis.com/oauth2/v3/token [omitted]
[debug] [2023-09-24T19:21:45.948Z] >>> [apiv2][query] GET https://firebase.googleapis.com/v1beta1/projects/ibdb-743f5 [none]
[debug] [2023-09-24T19:21:46.089Z] <<< [apiv2][status] GET https://firebase.googleapis.com/v1beta1/projects/ibdb-743f5 401
[debug] [2023-09-24T19:21:46.089Z] <<< [apiv2][body] GET https://firebase.googleapis.com/v1beta1/projects/ibdb-743f5 {"error":{"code":401,"message":"Request had invalid authentication credentials. Expected OAuth 2 access token, login cookie or other valid authentication credential. See https://developers.google.com/identity/sign-in/web/devconsole-project.","status":"UNAUTHENTICATED"}}
[debug] [2023-09-24T19:21:46.089Z] HTTP Error: 401, Request had invalid authentication credentials. Expected OAuth 2 access token, login cookie or other valid authentication credential. See https://developers.google.com/identity/sign-in/web/devconsole-project.
[debug] [2023-09-24T19:21:46.213Z] FirebaseError: HTTP Error: 401, Request had invalid authentication credentials. Expected OAuth 2 access token, login cookie or other valid authentication credential. See https://developers.google.com/identity/sign-in/web/devconsole-project.
    at responseToError (/Users/filipskaug/.nvm/versions/node/v19.6.1/lib/node_modules/firebase-tools/lib/responseToError.js:49:12)
    at RetryOperation._fn (/Users/filipskaug/.nvm/versions/node/v19.6.1/lib/node_modules/firebase-tools/lib/apiv2.js:288:77)
    at process.processTicksAndRejections (node:internal/process/task_queues:95:5)
[error] 
[error] Error: Failed to get Firebase project ibdb-743f5. Please make sure the project exists and your account has permission to access it.
